Using pre-set license
Built from '2020.3/china_unity/release' branch; Version is '2020.3.9f1c1 (ef65345766d1) revision 15689012'; Using compiler version '192528614'; Build Type 'Release'
OS: 'Windows 10 Home China; OS build 18362.535; Version 1903; 64bit' Language: 'zh' Physical Memory: 16270 MB
BatchMode: 1, IsHumanControllingUs: 0, StartBugReporterOnCrash: 0, Is64bit: 1, IsPro: 0

 COMMAND LINE ARGUMENTS:
D:\Program Files\Unity\2020.3.9f1c1\Editor\Unity.exe
-adb2
-batchMode
-noUpm
-name
AssetImportWorker0
-projectPath
D:/Workspace/UnityProject/Visual Configuration
-logFile
Logs/AssetImportWorker0.log
-srvPort
3918
Successfully changed project path to: D:/Workspace/UnityProject/Visual Configuration
D:/Workspace/UnityProject/Visual Configuration
Using Asset Import Pipeline V2.
Refreshing native plugins compatible for Editor in 24.87 ms, found 0 plugins.
Preloading 0 native plugins for Editor in 0.00 ms.
Initialize engine version: 2020.3.9f1c1 (ef65345766d1)
[Subsystems] Discovering subsystems at path D:/Program Files/Unity/2020.3.9f1c1/Editor/Data/Resources/UnitySubsystems
[Subsystems] Discovering subsystems at path D:/Workspace/UnityProject/Visual Configuration/Assets
GfxDevice: creating device client; threaded=0
Direct3D:
    Version:  Direct3D 11.0 [level 11.1]
    Renderer: NVIDIA GeForce GTX 1050 Ti (ID=0x1c8c)
    Vendor:   
    VRAM:     4018 MB
    Driver:   27.21.14.6627
Initialize mono
Mono path[0] = 'D:/Program Files/Unity/2020.3.9f1c1/Editor/Data/Managed'
Mono path[1] = 'D:/Program Files/Unity/2020.3.9f1c1/Editor/Data/MonoBleedingEdge/lib/mono/unityjit'
Mono config path = 'D:/Program Files/Unity/2020.3.9f1c1/Editor/Data/MonoBleedingEdge/etc'
Using monoOptions --debugger-agent=transport=dt_socket,embedding=1,server=y,suspend=n,address=127.0.0.1:56920
Begin MonoManager ReloadAssembly
Registering precompiled unity dll's ...
Register platform support module: D:/Program Files/Unity/2020.3.9f1c1/Editor/Data/PlaybackEngines/WebGLSupport/UnityEditor.WebGL.Extensions.dll
Register platform support module: D:/Program Files/Unity/2020.3.9f1c1/Editor/Data/PlaybackEngines/WindowsStandaloneSupport/UnityEditor.WindowsStandalone.Extensions.dll
Registered in 0.001003 seconds.
Native extension for WindowsStandalone target not found
Native extension for WebGL target not found
Refreshing native plugins compatible for Editor in 26.27 ms, found 0 plugins.
Preloading 0 native plugins for Editor in 0.00 ms.
Mono: successfully reloaded assembly
- Completed reload, in  1.106 seconds
Platform modules already initialized, skipping
Registering precompiled user dll's ...
Registered in 0.000474 seconds.
Begin MonoManager ReloadAssembly
Native extension for WindowsStandalone target not found
Native extension for WebGL target not found
Refreshing native plugins compatible for Editor in 0.25 ms, found 0 plugins.
Preloading 0 native plugins for Editor in 0.00 ms.
Mono: successfully reloaded assembly
- Completed reload, in  0.929 seconds
Platform modules already initialized, skipping
========================================================================
Worker process is ready to serve import requests
Launched and connected shader compiler UnityShaderCompiler.exe after 0.09 seconds
Refreshing native plugins compatible for Editor in 0.23 ms, found 0 plugins.
Preloading 0 native plugins for Editor in 0.00 ms.
Unloading 1115 Unused Serialized files (Serialized files now loaded: 0)
System memory in use before: 57.0 MB.
System memory in use after: 57.1 MB.

Unloading 9 unused Assets to reduce memory usage. Loaded Objects now: 1558.
Total: 1.813200 ms (FindLiveObjects: 0.139000 ms CreateObjectMapping: 0.039000 ms MarkObjects: 1.576700 ms  DeleteObjects: 0.057600 ms)

========================================================================
Received Import Request.
  path: Assets/Scenes
  artifactKey: Guid(58665a7ea5f00654cb89194898b3e88b) Importer(815301076,1909f56bfc062723c751e8b465ee728b)
Start importing Assets/Scenes using Guid(58665a7ea5f00654cb89194898b3e88b) Importer(815301076,1909f56bfc062723c751e8b465ee728b)  -> (artifact id: 'abb4b3e9ae8d0eb8b050d551f34b9b29') in 0.004285 seconds
  Import took 0.006894 seconds .

========================================================================
Received Import Request.
  Time since last request: 6.919428 seconds.
  path: Assets/Scenes/MonsterData.cs
  artifactKey: Guid(0c2a3825cb6cc7045851a98d822a4312) Importer(815301076,1909f56bfc062723c751e8b465ee728b)
Start importing Assets/Scenes/MonsterData.cs using Guid(0c2a3825cb6cc7045851a98d822a4312) Importer(815301076,1909f56bfc062723c751e8b465ee728b)  -> (artifact id: '87a7443234af082a6c5ccfd0101e0db9') in 0.017008 seconds
  Import took 0.019245 seconds .

========================================================================
Received Import Request.
  Time since last request: 0.076060 seconds.
  path: Assets/Scenes/MonsterData.cs
  artifactKey: Guid(0c2a3825cb6cc7045851a98d822a4312) Importer(815301076,1909f56bfc062723c751e8b465ee728b)
Start importing Assets/Scenes/MonsterData.cs using Guid(0c2a3825cb6cc7045851a98d822a4312) Importer(815301076,1909f56bfc062723c751e8b465ee728b)  -> (artifact id: '87a7443234af082a6c5ccfd0101e0db9') in 0.001764 seconds
  Import took 0.004097 seconds .

========================================================================
Received Prepare
Registering precompiled user dll's ...
Registered in 0.000457 seconds.
Begin MonoManager ReloadAssembly
Native extension for WindowsStandalone target not found
Native extension for WebGL target not found
Refreshing native plugins compatible for Editor in 0.33 ms, found 0 plugins.
Preloading 0 native plugins for Editor in 0.00 ms.
Mono: successfully reloaded assembly
- Completed reload, in  1.635 seconds
Platform modules already initialized, skipping
Refreshing native plugins compatible for Editor in 0.34 ms, found 0 plugins.
Preloading 0 native plugins for Editor in 0.00 ms.
Unloading 1110 Unused Serialized files (Serialized files now loaded: 0)
System memory in use before: 56.9 MB.
System memory in use after: 57.0 MB.

Unloading 4 unused Assets to reduce memory usage. Loaded Objects now: 1562.
Total: 2.683000 ms (FindLiveObjects: 0.193900 ms CreateObjectMapping: 0.061700 ms MarkObjects: 2.397000 ms  DeleteObjects: 0.028900 ms)

========================================================================
Received Import Request.
  Time since last request: 19.720689 seconds.
  path: Assets/Scenes/ScriptableObject
  artifactKey: Guid(1b13e56bd1223db4590e6ee5e177ce5b) Importer(815301076,1909f56bfc062723c751e8b465ee728b)
Start importing Assets/Scenes/ScriptableObject using Guid(1b13e56bd1223db4590e6ee5e177ce5b) Importer(815301076,1909f56bfc062723c751e8b465ee728b)  -> (artifact id: '6105df4a273c96e1a6165090447f391d') in 0.005965 seconds
  Import took 0.008938 seconds .

========================================================================
Received Prepare
Registering precompiled user dll's ...
Registered in 0.000588 seconds.
Begin MonoManager ReloadAssembly
Native extension for WindowsStandalone target not found
Native extension for WebGL target not found
Refreshing native plugins compatible for Editor in 0.24 ms, found 0 plugins.
Preloading 0 native plugins for Editor in 0.00 ms.
Mono: successfully reloaded assembly
- Completed reload, in  0.954 seconds
Platform modules already initialized, skipping
Refreshing native plugins compatible for Editor in 0.20 ms, found 0 plugins.
Preloading 0 native plugins for Editor in 0.00 ms.
Unloading 1110 Unused Serialized files (Serialized files now loaded: 0)
System memory in use before: 56.9 MB.
System memory in use after: 57.0 MB.

Unloading 4 unused Assets to reduce memory usage. Loaded Objects now: 1565.
Total: 1.745800 ms (FindLiveObjects: 0.178800 ms CreateObjectMapping: 0.082700 ms MarkObjects: 1.461600 ms  DeleteObjects: 0.021200 ms)

========================================================================
Received Prepare
Registering precompiled user dll's ...
Registered in 0.000450 seconds.
Begin MonoManager ReloadAssembly
Native extension for WindowsStandalone target not found
Native extension for WebGL target not found
Refreshing native plugins compatible for Editor in 0.20 ms, found 0 plugins.
Preloading 0 native plugins for Editor in 0.00 ms.
Mono: successfully reloaded assembly
- Completed reload, in  0.852 seconds
Platform modules already initialized, skipping
Refreshing native plugins compatible for Editor in 0.42 ms, found 0 plugins.
Preloading 0 native plugins for Editor in 0.00 ms.
Unloading 1110 Unused Serialized files (Serialized files now loaded: 0)
System memory in use before: 56.9 MB.
System memory in use after: 57.0 MB.

Unloading 4 unused Assets to reduce memory usage. Loaded Objects now: 1568.
Total: 2.261000 ms (FindLiveObjects: 0.198500 ms CreateObjectMapping: 0.054600 ms MarkObjects: 1.987200 ms  DeleteObjects: 0.019500 ms)

========================================================================
Received Import Request.
  Time since last request: 111.172533 seconds.
  path: Assets/Scenes/ScriptableObject/MonsterData.cs
  artifactKey: Guid(0c2a3825cb6cc7045851a98d822a4312) Importer(815301076,1909f56bfc062723c751e8b465ee728b)
Start importing Assets/Scenes/ScriptableObject/MonsterData.cs using Guid(0c2a3825cb6cc7045851a98d822a4312) Importer(815301076,1909f56bfc062723c751e8b465ee728b)  -> (artifact id: '5d8998214f48fb0cd464e00e37ad3377') in 0.004842 seconds
  Import took 0.007333 seconds .

========================================================================
Received Prepare
Registering precompiled user dll's ...
Registered in 0.000437 seconds.
Begin MonoManager ReloadAssembly
Native extension for WindowsStandalone target not found
Native extension for WebGL target not found
Refreshing native plugins compatible for Editor in 0.21 ms, found 0 plugins.
Preloading 0 native plugins for Editor in 0.00 ms.
Mono: successfully reloaded assembly
- Completed reload, in  0.845 seconds
Platform modules already initialized, skipping
Refreshing native plugins compatible for Editor in 0.31 ms, found 0 plugins.
Preloading 0 native plugins for Editor in 0.00 ms.
Unloading 1110 Unused Serialized files (Serialized files now loaded: 0)
System memory in use before: 56.9 MB.
System memory in use after: 57.0 MB.

Unloading 4 unused Assets to reduce memory usage. Loaded Objects now: 1571.
Total: 2.352500 ms (FindLiveObjects: 0.183700 ms CreateObjectMapping: 0.056000 ms MarkObjects: 2.090600 ms  DeleteObjects: 0.020900 ms)

========================================================================
Received Import Request.
  Time since last request: 310.864088 seconds.
  path: Assets/Scenes/ScriptableObject/MonsterDataObject.asset
  artifactKey: Guid(f36431365c1efa84a9a3c476a595d0b9) Importer(815301076,1909f56bfc062723c751e8b465ee728b)
Start importing Assets/Scenes/ScriptableObject/MonsterDataObject.asset using Guid(f36431365c1efa84a9a3c476a595d0b9) Importer(815301076,1909f56bfc062723c751e8b465ee728b)  -> (artifact id: 'ff22a05cea1cdac9c819c41f7148a0e5') in 0.016655 seconds
  Import took 0.019709 seconds .

========================================================================
Received Prepare
Registering precompiled user dll's ...
Registered in 0.000642 seconds.
Begin MonoManager ReloadAssembly
Native extension for WindowsStandalone target not found
Native extension for WebGL target not found
Refreshing native plugins compatible for Editor in 0.21 ms, found 0 plugins.
Preloading 0 native plugins for Editor in 0.00 ms.
Mono: successfully reloaded assembly
- Completed reload, in  0.882 seconds
Platform modules already initialized, skipping
Refreshing native plugins compatible for Editor in 0.20 ms, found 0 plugins.
Preloading 0 native plugins for Editor in 0.00 ms.
Unloading 1110 Unused Serialized files (Serialized files now loaded: 0)
System memory in use before: 56.9 MB.
System memory in use after: 57.0 MB.

Unloading 4 unused Assets to reduce memory usage. Loaded Objects now: 1574.
Total: 1.860900 ms (FindLiveObjects: 0.149300 ms CreateObjectMapping: 0.043700 ms MarkObjects: 1.647100 ms  DeleteObjects: 0.019500 ms)

========================================================================
Received Import Request.
  Time since last request: 27.858023 seconds.
  path: Assets/Scenes/ScriptableObject/MonsterData.cs
  artifactKey: Guid(0c2a3825cb6cc7045851a98d822a4312) Importer(815301076,1909f56bfc062723c751e8b465ee728b)
Start importing Assets/Scenes/ScriptableObject/MonsterData.cs using Guid(0c2a3825cb6cc7045851a98d822a4312) Importer(815301076,1909f56bfc062723c751e8b465ee728b)  -> (artifact id: 'c5e35c6cb992ca9e35be64752e326c6a') in 0.004456 seconds
  Import took 0.007116 seconds .

========================================================================
Received Import Request.
  Time since last request: 0.002417 seconds.
  path: Assets/Scenes/ScriptableObject/MonsterData.cs
  artifactKey: Guid(0c2a3825cb6cc7045851a98d822a4312) Importer(815301076,1909f56bfc062723c751e8b465ee728b)
Start importing Assets/Scenes/ScriptableObject/MonsterData.cs using Guid(0c2a3825cb6cc7045851a98d822a4312) Importer(815301076,1909f56bfc062723c751e8b465ee728b)  -> (artifact id: 'c5e35c6cb992ca9e35be64752e326c6a') in 0.002390 seconds
  Import took 0.004394 seconds .

AssetImportWorkerClient::OnTransportError - code=2 error=End of file
